<?xml version="1.0" encoding="UTF-8"?>
<!-- Generated by org.testng.reporters.JUnitReportReporter -->
<testsuite skipped="0" hostname="Adekoyas-MacBook-Pro.local" name="com.aspiration.test.OurProductsTest" tests="1" failures="0" timestamp="15 Sep 2021 10:27:51 GMT" time="7.700" errors="0">
  <testcase name="init" time="7.700" classname="com.aspiration.test.OurProductsTest"/>
</testsuite> <!-- com.aspiration.test.OurProductsTest -->
