<?xml version="1.0" encoding="UTF-8"?>
<!-- Generated by org.testng.reporters.JUnitReportReporter -->
<testsuite skipped="0" hostname="Adekoyas-MacBook-Pro.local" name="com.aspiration.test.HomePageTest" tests="1" failures="0" timestamp="15 Sep 2021 05:36:28 GMT" time="8.771" errors="0">
  <testcase name="init" time="8.771" classname="com.aspiration.test.HomePageTest"/>
</testsuite> <!-- com.aspiration.test.HomePageTest -->
